  RoomSearch.cpp
e:\vs 2015 program\楼盘管理系统\楼盘管理系统\roomsearch.cpp(234): warning C4244: “=”: 从“double”转换到“LONG”，可能丢失数据
e:\vs 2015 program\楼盘管理系统\楼盘管理系统\roomsearch.cpp(237): warning C4244: “=”: 从“double”转换到“LONG”，可能丢失数据
e:\vs 2015 program\楼盘管理系统\楼盘管理系统\roomsearch.cpp(240): warning C4244: “参数”: 从“double”转换到“int”，可能丢失数据
e:\vs 2015 program\楼盘管理系统\楼盘管理系统\roomsearch.cpp(243): warning C4244: “参数”: 从“double”转换到“int”，可能丢失数据
e:\vs 2015 program\楼盘管理系统\楼盘管理系统\roomsearch.cpp(246): warning C4244: “参数”: 从“double”转换到“int”，可能丢失数据
e:\vs 2015 program\楼盘管理系统\楼盘管理系统\roomsearch.cpp(1467): warning C4244: “=”: 从“double”转换到“LONG”，可能丢失数据
e:\vs 2015 program\楼盘管理系统\楼盘管理系统\roomsearch.cpp(1473): warning C4244: “=”: 从“double”转换到“LONG”，可能丢失数据
e:\vs 2015 program\楼盘管理系统\楼盘管理系统\roomsearch.cpp(1474): warning C4244: “=”: 从“double”转换到“LONG”，可能丢失数据
e:\vs 2015 program\楼盘管理系统\楼盘管理系统\roomsearch.cpp(1481): warning C4244: “=”: 从“double”转换到“LONG”，可能丢失数据
e:\vs 2015 program\楼盘管理系统\楼盘管理系统\roomsearch.cpp(1484): warning C4244: “=”: 从“double”转换到“LONG”，可能丢失数据
e:\vs 2015 program\楼盘管理系统\楼盘管理系统\roomsearch.cpp(1861): warning C4244: “=”: 从“double”转换到“float”，可能丢失数据
e:\vs 2015 program\楼盘管理系统\楼盘管理系统\roomsearch.cpp(1862): warning C4244: “=”: 从“double”转换到“float”，可能丢失数据
e:\vs 2015 program\楼盘管理系统\楼盘管理系统\roomsearch.cpp(2565): warning C4244: “参数”: 从“double”转换到“int”，可能丢失数据
e:\vs 2015 program\楼盘管理系统\楼盘管理系统\roomsearch.cpp(2568): warning C4244: “参数”: 从“double”转换到“int”，可能丢失数据
e:\vs 2015 program\楼盘管理系统\楼盘管理系统\roomsearch.cpp(2571): warning C4244: “参数”: 从“double”转换到“int”，可能丢失数据
e:\vs 2015 program\楼盘管理系统\楼盘管理系统\roomsearch.cpp(2574): warning C4244: “参数”: 从“double”转换到“int”，可能丢失数据
e:\vs 2015 program\楼盘管理系统\楼盘管理系统\roomsearch.cpp(2577): warning C4244: “参数”: 从“double”转换到“int”，可能丢失数据
e:\vs 2015 program\楼盘管理系统\楼盘管理系统\roomsearch.cpp(2580): warning C4244: “参数”: 从“double”转换到“int”，可能丢失数据
e:\vs 2015 program\楼盘管理系统\楼盘管理系统\roomsearch.cpp(2583): warning C4244: “参数”: 从“double”转换到“int”，可能丢失数据
e:\vs 2015 program\楼盘管理系统\楼盘管理系统\roomsearch.cpp(2586): warning C4244: “参数”: 从“double”转换到“int”，可能丢失数据
e:\vs 2015 program\楼盘管理系统\楼盘管理系统\roomsearch.cpp(2588): warning C4244: “参数”: 从“double”转换到“int”，可能丢失数据
e:\vs 2015 program\楼盘管理系统\楼盘管理系统\roomsearch.cpp(2618): warning C4244: “参数”: 从“double”转换到“int”，可能丢失数据
e:\vs 2015 program\楼盘管理系统\楼盘管理系统\roomsearch.cpp(2621): warning C4244: “参数”: 从“double”转换到“int”，可能丢失数据
e:\vs 2015 program\楼盘管理系统\楼盘管理系统\roomsearch.cpp(2624): warning C4244: “参数”: 从“double”转换到“int”，可能丢失数据
e:\vs 2015 program\楼盘管理系统\楼盘管理系统\roomsearch.cpp(2627): warning C4244: “参数”: 从“double”转换到“int”，可能丢失数据
e:\vs 2015 program\楼盘管理系统\楼盘管理系统\roomsearch.cpp(2630): warning C4244: “参数”: 从“double”转换到“int”，可能丢失数据
e:\vs 2015 program\楼盘管理系统\楼盘管理系统\roomsearch.cpp(2633): warning C4244: “参数”: 从“double”转换到“int”，可能丢失数据
e:\vs 2015 program\楼盘管理系统\楼盘管理系统\roomsearch.cpp(2636): warning C4244: “参数”: 从“double”转换到“int”，可能丢失数据
e:\vs 2015 program\楼盘管理系统\楼盘管理系统\roomsearch.cpp(2638): warning C4244: “参数”: 从“double”转换到“int”，可能丢失数据
e:\vs 2015 program\楼盘管理系统\楼盘管理系统\roomsearch.cpp(2668): warning C4244: “参数”: 从“double”转换到“int”，可能丢失数据
e:\vs 2015 program\楼盘管理系统\楼盘管理系统\roomsearch.cpp(2671): warning C4244: “参数”: 从“double”转换到“int”，可能丢失数据
e:\vs 2015 program\楼盘管理系统\楼盘管理系统\roomsearch.cpp(2674): warning C4244: “参数”: 从“double”转换到“int”，可能丢失数据
e:\vs 2015 program\楼盘管理系统\楼盘管理系统\roomsearch.cpp(2677): warning C4244: “参数”: 从“double”转换到“int”，可能丢失数据
e:\vs 2015 program\楼盘管理系统\楼盘管理系统\roomsearch.cpp(2680): warning C4244: “参数”: 从“double”转换到“int”，可能丢失数据
e:\vs 2015 program\楼盘管理系统\楼盘管理系统\roomsearch.cpp(2683): warning C4244: “参数”: 从“double”转换到“int”，可能丢失数据
e:\vs 2015 program\楼盘管理系统\楼盘管理系统\roomsearch.cpp(2686): warning C4244: “参数”: 从“double”转换到“int”，可能丢失数据
e:\vs 2015 program\楼盘管理系统\楼盘管理系统\roomsearch.cpp(2689): warning C4244: “参数”: 从“double”转换到“int”，可能丢失数据
e:\vs 2015 program\楼盘管理系统\楼盘管理系统\roomsearch.cpp(2692): warning C4244: “参数”: 从“double”转换到“int”，可能丢失数据
e:\vs 2015 program\楼盘管理系统\楼盘管理系统\roomsearch.cpp(2698): warning C4244: “参数”: 从“double”转换到“int”，可能丢失数据
e:\vs 2015 program\楼盘管理系统\楼盘管理系统\roomsearch.cpp(2700): warning C4244: “参数”: 从“double”转换到“int”，可能丢失数据
e:\vs 2015 program\楼盘管理系统\楼盘管理系统\roomsearch.cpp(2760): warning C4244: “=”: 从“float”转换到“long”，可能丢失数据
e:\vs 2015 program\楼盘管理系统\楼盘管理系统\roomsearch.cpp(3952): warning C4244: “=”: 从“double”转换到“float”，可能丢失数据
e:\vs 2015 program\楼盘管理系统\楼盘管理系统\roomsearch.cpp(3953): warning C4244: “=”: 从“double”转换到“float”，可能丢失数据
e:\vs 2015 program\楼盘管理系统\楼盘管理系统\roomsearch.cpp(4377): warning C4244: “=”: 从“double”转换到“float”，可能丢失数据
e:\vs 2015 program\楼盘管理系统\楼盘管理系统\roomsearch.cpp(4378): warning C4244: “=”: 从“double”转换到“int”，可能丢失数据
e:\vs 2015 program\楼盘管理系统\楼盘管理系统\roomsearch.cpp(4379): warning C4244: “=”: 从“double”转换到“long”，可能丢失数据
e:\vs 2015 program\楼盘管理系统\楼盘管理系统\roomsearch.cpp(4380): warning C4244: “=”: 从“double”转换到“float”，可能丢失数据
e:\vs 2015 program\楼盘管理系统\楼盘管理系统\roomsearch.cpp(4381): warning C4244: “=”: 从“double”转换到“float”，可能丢失数据
e:\vs 2015 program\楼盘管理系统\楼盘管理系统\roomsearch.cpp(1451): warning C4715: “AskConfirm”: 不是所有的控件路径都返回值
  楼盘管理系统.vcxproj -> E:\VS 2015 Program\楼盘管理系统\Debug\楼盘管理系统.exe
